<?xml version="1.0" encoding="UTF-8" ?>
<testsuite tests="5" failures="0" name="com.useconfig.dao.UserDaoTest" time="0.358" errors="1" skipped="0">
  <properties>
[...]
</properties>
  <testcase classname="com.useconfig.dao.UserDaoTest" name="selectUser" time="0"/>
  <testcase classname="com.useconfig.dao.UserDaoTest" name="updateUser" time="0"/>
  <testcase classname="com.useconfig.dao.UserDaoTest" name="insertUser" time="0.29">
    <error message="resource: com/useconfig/model/User.hbm.xml not found" type="org.hibernate.MappingNotFoundException">org.hibernate.MappingNotFoundException: resource: com/useconfig/model/User.hbm.xml not found
	at org.hibernate.cfg.Configuration.addResource(Configuration.java:767)
	at org.hibernate.cfg.Configuration.parseMappingElement(Configuration.java:2255)
	at org.hibernate.cfg.Configuration.parseSessionFactory(Configuration.java:2227)
	at org.hibernate.cfg.Configuration.doConfigure(Configuration.java:2207)
	at org.hibernate.cfg.Configuration.doConfigure(Configuration.java:2160)
	at org.hibernate.cfg.Configuration.configure(Configuration.java:2075)
	at com.useconfig.dao.UserDao.&lt;init&gt;(UserDao.java:16)
	at com.useconfig.dao.UserDaoTest.insertUser(UserDaoTest.java:11)
	at sun.reflect.NativeMethodAccessorImpl.invoke0(Native Method)
	at sun.reflect.NativeMethodAccessorImpl.invoke(NativeMethodAccessorImpl.java:62)
	at sun.reflect.DelegatingMethodAccessorImpl.invoke(DelegatingMethodAccessorImpl.java:43)
	at java.lang.reflect.Method.invoke(Method.java:498)
	at org.junit.runners.model.FrameworkMethod$1.runReflectiveCall(FrameworkMethod.java:47)
	at org.junit.internal.runners.model.ReflectiveCallable.run(ReflectiveCallable.java:12)
	at org.junit.runners.model.FrameworkMethod.invokeExplosively(FrameworkMethod.java:44)
	at org.junit.internal.runners.statements.InvokeMethod.evaluate(InvokeMethod.java:17)
	at org.junit.runners.ParentRunner.runLeaf(ParentRunner.java:271)
	at org.junit.runners.BlockJUnit4ClassRunner.runChild(BlockJUnit4ClassRunner.java:70)
	at org.junit.runners.BlockJUnit4ClassRunner.runChild(BlockJUnit4ClassRunner.java:50)
	at org.junit.runners.ParentRunner$3.run(ParentRunner.java:238)
	at org.junit.runners.ParentRunner$1.schedule(ParentRunner.java:63)
	at org.junit.runners.ParentRunner.runChildren(ParentRunner.java:236)
	at org.junit.runners.ParentRunner.access$000(ParentRunner.java:53)
	at org.junit.runners.ParentRunner$2.evaluate(ParentRunner.java:229)
	at org.junit.runners.ParentRunner.run(ParentRunner.java:309)
	at org.apache.maven.surefire.junit4.JUnit4TestSet.execute(JUnit4TestSet.java:53)
	at org.apache.maven.surefire.junit4.JUnit4Provider.executeTestSet(JUnit4Provider.java:123)
	at org.apache.maven.surefire.junit4.JUnit4Provider.invoke(JUnit4Provider.java:104)
	at sun.reflect.NativeMethodAccessorImpl.invoke0(Native Method)
	at sun.reflect.NativeMethodAccessorImpl.invoke(NativeMethodAccessorImpl.java:62)
	at sun.reflect.DelegatingMethodAccessorImpl.invoke(DelegatingMethodAccessorImpl.java:43)
	at java.lang.reflect.Method.invoke(Method.java:498)
	at org.apache.maven.surefire.util.ReflectionUtils.invokeMethodWithArray(ReflectionUtils.java:164)
	at org.apache.maven.surefire.booter.ProviderFactory$ProviderProxy.invoke(ProviderFactory.java:110)
	at org.apache.maven.surefire.booter.SurefireStarter.invokeProvider(SurefireStarter.java:175)
	at org.apache.maven.surefire.booter.SurefireStarter.runSuitesInProcessWhenForked(SurefireStarter.java:107)
	at org.apache.maven.surefire.booter.ForkedBooter.main(ForkedBooter.java:68)
</error>
    <system-err>Apr 22, 2016 3:33:58 AM org.hibernate.annotations.common.reflection.java.JavaReflectionManager &lt;clinit&gt;
INFO: HCANN000001: Hibernate Commons Annotations {4.0.4.Final}
Apr 22, 2016 3:33:58 AM org.hibernate.Version logVersion
INFO: HHH000412: Hibernate Core {4.3.0.Final}
Apr 22, 2016 3:33:58 AM org.hibernate.cfg.Environment &lt;clinit&gt;
INFO: HHH000206: hibernate.properties not found
Apr 22, 2016 3:33:58 AM org.hibernate.cfg.Environment buildBytecodeProvider
INFO: HHH000021: Bytecode provider name : javassist
Apr 22, 2016 3:33:58 AM org.hibernate.cfg.Configuration configure
INFO: HHH000043: Configuring from resource: hibernate.cfg.xml
Apr 22, 2016 3:33:58 AM org.hibernate.cfg.Configuration getConfigurationInputStream
INFO: HHH000040: Configuration resource: hibernate.cfg.xml
Apr 22, 2016 3:33:58 AM org.hibernate.internal.util.xml.DTDEntityResolver resolveEntity
WARN: HHH000223: Recognized obsolete hibernate namespace http://hibernate.sourceforge.net/. Use namespace http://www.hibernate.org/dtd/ instead. Refer to Hibernate 3.6 Migration Guide!
Apr 22, 2016 3:33:58 AM org.hibernate.cfg.Configuration addResource
INFO: HHH000221: Reading mappings from resource: com/useconfig/model/User.hbm.xml
</system-err>
  </testcase>
  <testcase classname="com.useconfig.dao.UserDaoTest" name="deleteUser" time="0.001"/>
  <testcase classname="com.useconfig.dao.UserDaoTest" name="getUserList" time="0"/>
</testsuite>